<?xml version="1.0" encoding="UTF-8"?>
<testsuite xmlns:xsi="http://www.w3.org/2001/XMLSchema-instance" xsi:noNamespaceSchemaLocation="https://maven.apache.org/surefire/maven-surefire-plugin/xsd/surefire-test-report-3.0.xsd" version="3.0" name="com.biblioteca.factory.LibraryItemFactoryTest" time="0.045" tests="6" errors="0" skipped="0" failures="0">
  <properties>
[...]
</properties>
  <testcase name="testCreateMagazineValid" classname="com.biblioteca.factory.LibraryItemFactoryTest" time="0.023"/>
  <testcase name="testCreateBookNullTitle" classname="com.biblioteca.factory.LibraryItemFactoryTest" time="0.001"/>
  <testcase name="testCreateBookNegativePages" classname="com.biblioteca.factory.LibraryItemFactoryTest" time="0.001"/>
  <testcase name="testCreateBookValid" classname="com.biblioteca.factory.LibraryItemFactoryTest" time="0.002"/>
  <testcase name="testCreateBookEmptyIsbn" classname="com.biblioteca.factory.LibraryItemFactoryTest" time="0.001"/>
  <testcase name="testCreateMagazineInvalidIssue" classname="com.biblioteca.factory.LibraryItemFactoryTest" time="0.001"/>
</testsuite>